{"E:\\envelope_budgeting\\app.js": {"path":"E:\\envelope_budgeting\\app.js","statementMap":{"0":{"start":{"line":2,"column":16},"end":{"line":2,"column":34}},"1":{"start":{"line":3,"column":14},"end":{"line":3,"column":38}},"2":{"start":{"line":4,"column":16},"end":{"line":4,"column":42}},"3":{"start":{"line":5,"column":42},"end":{"line":5,"column":70}},"4":{"start":{"line":6,"column":13},"end":{"line":6,"column":36}},"5":{"start":{"line":8,"column":53},"end":{"line":8,"column":87}},"6":{"start":{"line":9,"column":16},"end":{"line":9,"column":53}},"7":{"start":{"line":15,"column":4},"end":{"line":15,"column":34}},"8":{"start":{"line":18,"column":23},"end":{"line":18,"column":49}},"9":{"start":{"line":19,"column":15},"end":{"line":19,"column":32}},"10":{"start":{"line":20,"column":20},"end":{"line":20,"column":42}},"11":{"start":{"line":21,"column":18},"end":{"line":21,"column":47}},"12":{"start":{"line":22,"column":16},"end":{"line":25,"column":2}},"13":{"start":{"line":26,"column":15},"end":{"line":26,"column":32}},"14":{"start":{"line":28,"column":17},"end":{"line":28,"column":36}},"15":{"start":{"line":29,"column":27},"end":{"line":29,"column":62}},"16":{"start":{"line":30,"column":0},"end":{"line":34,"column":5}},"17":{"start":{"line":36,"column":18},"end":{"line":36,"column":47}},"18":{"start":{"line":37,"column":18},"end":{"line":37,"column":43}},"19":{"start":{"line":40,"column":12},"end":{"line":40,"column":21}},"20":{"start":{"line":41,"column":0},"end":{"line":41,"column":29}},"21":{"start":{"line":44,"column":0},"end":{"line":44,"column":48}},"22":{"start":{"line":45,"column":0},"end":{"line":45,"column":34}},"23":{"start":{"line":46,"column":0},"end":{"line":46,"column":17}},"24":{"start":{"line":47,"column":0},"end":{"line":47,"column":23}},"25":{"start":{"line":48,"column":0},"end":{"line":48,"column":18}},"26":{"start":{"line":49,"column":0},"end":{"line":49,"column":16}},"27":{"start":{"line":50,"column":0},"end":{"line":50,"column":22}},"28":{"start":{"line":52,"column":18},"end":{"line":52,"column":48}},"29":{"start":{"line":53,"column":21},"end":{"line":53,"column":54}},"30":{"start":{"line":55,"column":0},"end":{"line":55,"column":33}},"31":{"start":{"line":56,"column":0},"end":{"line":56,"column":39}},"32":{"start":{"line":58,"column":0},"end":{"line":58,"column":72}},"33":{"start":{"line":62,"column":19},"end":{"line":62,"column":40}},"34":{"start":{"line":63,"column":4},"end":{"line":65,"column":5}},"35":{"start":{"line":64,"column":6},"end":{"line":64,"column":62}},"36":{"start":{"line":66,"column":4},"end":{"line":66,"column":18}},"37":{"start":{"line":69,"column":27},"end":{"line":73,"column":1}},"38":{"start":{"line":76,"column":0},"end":{"line":76,"column":16}},"39":{"start":{"line":77,"column":0},"end":{"line":87,"column":3}},"40":{"start":{"line":88,"column":0},"end":{"line":88,"column":30}},"41":{"start":{"line":89,"column":0},"end":{"line":89,"column":27}},"42":{"start":{"line":93,"column":4},"end":{"line":95,"column":5}},"43":{"start":{"line":94,"column":8},"end":{"line":94,"column":22}},"44":{"start":{"line":96,"column":4},"end":{"line":96,"column":27}},"45":{"start":{"line":99,"column":4},"end":{"line":101,"column":5}},"46":{"start":{"line":100,"column":8},"end":{"line":100,"column":33}},"47":{"start":{"line":102,"column":4},"end":{"line":102,"column":11}},"48":{"start":{"line":106,"column":0},"end":{"line":108,"column":3}},"49":{"start":{"line":107,"column":4},"end":{"line":107,"column":51}},"50":{"start":{"line":109,"column":0},"end":{"line":111,"column":3}},"51":{"start":{"line":110,"column":4},"end":{"line":110,"column":61}},"52":{"start":{"line":112,"column":0},"end":{"line":116,"column":4}},"53":{"start":{"line":117,"column":0},"end":{"line":119,"column":3}},"54":{"start":{"line":118,"column":4},"end":{"line":118,"column":31}},"55":{"start":{"line":120,"column":0},"end":{"line":120,"column":87}},"56":{"start":{"line":121,"column":0},"end":{"line":124,"column":3}},"57":{"start":{"line":122,"column":4},"end":{"line":122,"column":17}},"58":{"start":{"line":123,"column":4},"end":{"line":123,"column":27}},"59":{"start":{"line":127,"column":15},"end":{"line":129,"column":2}},"60":{"start":{"line":128,"column":4},"end":{"line":128,"column":50}},"61":{"start":{"line":131,"column":0},"end":{"line":131,"column":20}}},"fnMap":{"0":{"name":"validate","decl":{"start":{"line":61,"column":9},"end":{"line":61,"column":17}},"loc":{"start":{"line":61,"column":34},"end":{"line":67,"column":1}},"line":61},"1":{"name":"checkAuthenticated","decl":{"start":{"line":92,"column":9},"end":{"line":92,"column":27}},"loc":{"start":{"line":92,"column":44},"end":{"line":97,"column":1}},"line":92},"2":{"name":"checkNotAuthenticated","decl":{"start":{"line":98,"column":9},"end":{"line":98,"column":30}},"loc":{"start":{"line":98,"column":47},"end":{"line":103,"column":1}},"line":98},"3":{"name":"(anonymous_3)","decl":{"start":{"line":106,"column":33},"end":{"line":106,"column":34}},"loc":{"start":{"line":106,"column":47},"end":{"line":108,"column":1}},"line":106},"4":{"name":"(anonymous_4)","decl":{"start":{"line":109,"column":41},"end":{"line":109,"column":42}},"loc":{"start":{"line":109,"column":55},"end":{"line":111,"column":1}},"line":109},"5":{"name":"(anonymous_5)","decl":{"start":{"line":117,"column":44},"end":{"line":117,"column":45}},"loc":{"start":{"line":117,"column":58},"end":{"line":119,"column":1}},"line":117},"6":{"name":"(anonymous_6)","decl":{"start":{"line":121,"column":42},"end":{"line":121,"column":43}},"loc":{"start":{"line":121,"column":56},"end":{"line":124,"column":1}},"line":121},"7":{"name":"(anonymous_7)","decl":{"start":{"line":127,"column":32},"end":{"line":127,"column":33}},"loc":{"start":{"line":127,"column":38},"end":{"line":129,"column":1}},"line":127}},"branchMap":{"0":{"loc":{"start":{"line":63,"column":4},"end":{"line":65,"column":5}},"type":"if","locations":[{"start":{"line":63,"column":4},"end":{"line":65,"column":5}},{"start":{"line":63,"column":4},"end":{"line":65,"column":5}}],"line":63},"1":{"loc":{"start":{"line":93,"column":4},"end":{"line":95,"column":5}},"type":"if","locations":[{"start":{"line":93,"column":4},"end":{"line":95,"column":5}},{"start":{"line":93,"column":4},"end":{"line":95,"column":5}}],"line":93},"2":{"loc":{"start":{"line":99,"column":4},"end":{"line":101,"column":5}},"type":"if","locations":[{"start":{"line":99,"column":4},"end":{"line":101,"column":5}},{"start":{"line":99,"column":4},"end":{"line":101,"column":5}}],"line":99}},"s":{"0":1,"1":1,"2":1,"3":1,"4":1,"5":1,"6":1,"7":1,"8":1,"9":1,"10":1,"11":1,"12":1,"13":1,"14":1,"15":1,"16":1,"17":1,"18":1,"19":1,"20":1,"21":1,"22":1,"23":1,"24":1,"25":1,"26":1,"27":1,"28":1,"29":1,"30":1,"31":1,"32":1,"33":0,"34":0,"35":0,"36":0,"37":1,"38":1,"39":1,"40":1,"41":1,"42":0,"43":0,"44":0,"45":0,"46":0,"47":0,"48":1,"49":0,"50":1,"51":0,"52":1,"53":1,"54":0,"55":1,"56":1,"57":0,"58":0,"59":1,"60":1,"61":1},"f":{"0":0,"1":0,"2":0,"3":0,"4":0,"5":0,"6":0,"7":1},"b":{"0":[0,0],"1":[0,0],"2":[0,0]},"_coverageSchema":"1a1c01bbd47fc00a2c39e90264f33305004495a9","hash":"575e6f685224d78eafb64c0d3a4a83106b55de8f"}
,"E:\\envelope_budgeting\\config\\config.js": {"path":"E:\\envelope_budgeting\\config\\config.js","statementMap":{"0":{"start":{"line":2,"column":15},"end":{"line":2,"column":32}},"1":{"start":{"line":3,"column":0},"end":{"line":3,"column":16}},"2":{"start":{"line":5,"column":0},"end":{"line":29,"column":1}}},"fnMap":{},"branchMap":{},"s":{"0":1,"1":1,"2":1},"f":{},"b":{},"_coverageSchema":"1a1c01bbd47fc00a2c39e90264f33305004495a9","hash":"fe2560eb19825e95d0db102cfed037c89b149f18"}
,"E:\\envelope_budgeting\\config\\passport-config.js": {"path":"E:\\envelope_budgeting\\config\\passport-config.js","statementMap":{"0":{"start":{"line":1,"column":22},"end":{"line":1,"column":56}},"1":{"start":{"line":2,"column":15},"end":{"line":2,"column":32}},"2":{"start":{"line":5,"column":29},"end":{"line":21,"column":5}},"3":{"start":{"line":6,"column":8},"end":{"line":20,"column":9}},"4":{"start":{"line":7,"column":25},"end":{"line":7,"column":52}},"5":{"start":{"line":8,"column":12},"end":{"line":17,"column":13}},"6":{"start":{"line":9,"column":16},"end":{"line":9,"column":84}},"7":{"start":{"line":11,"column":29},"end":{"line":11,"column":42}},"8":{"start":{"line":12,"column":16},"end":{"line":16,"column":17}},"9":{"start":{"line":13,"column":20},"end":{"line":13,"column":43}},"10":{"start":{"line":15,"column":20},"end":{"line":15,"column":77}},"11":{"start":{"line":19,"column":12},"end":{"line":19,"column":28}},"12":{"start":{"line":22,"column":4},"end":{"line":23,"column":22}},"13":{"start":{"line":24,"column":4},"end":{"line":24,"column":63}},"14":{"start":{"line":24,"column":43},"end":{"line":24,"column":62}},"15":{"start":{"line":25,"column":4},"end":{"line":28,"column":6}},"16":{"start":{"line":26,"column":21},"end":{"line":26,"column":42}},"17":{"start":{"line":27,"column":8},"end":{"line":27,"column":32}},"18":{"start":{"line":31,"column":0},"end":{"line":31,"column":27}}},"fnMap":{"0":{"name":"initialize","decl":{"start":{"line":4,"column":9},"end":{"line":4,"column":19}},"loc":{"start":{"line":4,"column":59},"end":{"line":29,"column":1}},"line":4},"1":{"name":"(anonymous_1)","decl":{"start":{"line":5,"column":29},"end":{"line":5,"column":30}},"loc":{"start":{"line":5,"column":62},"end":{"line":21,"column":5}},"line":5},"2":{"name":"(anonymous_2)","decl":{"start":{"line":24,"column":27},"end":{"line":24,"column":28}},"loc":{"start":{"line":24,"column":43},"end":{"line":24,"column":62}},"line":24},"3":{"name":"(anonymous_3)","decl":{"start":{"line":25,"column":29},"end":{"line":25,"column":30}},"loc":{"start":{"line":25,"column":49},"end":{"line":28,"column":5}},"line":25}},"branchMap":{"0":{"loc":{"start":{"line":8,"column":12},"end":{"line":17,"column":13}},"type":"if","locations":[{"start":{"line":8,"column":12},"end":{"line":17,"column":13}},{"start":{"line":8,"column":12},"end":{"line":17,"column":13}}],"line":8},"1":{"loc":{"start":{"line":12,"column":16},"end":{"line":16,"column":17}},"type":"if","locations":[{"start":{"line":12,"column":16},"end":{"line":16,"column":17}},{"start":{"line":12,"column":16},"end":{"line":16,"column":17}}],"line":12}},"s":{"0":1,"1":1,"2":1,"3":0,"4":0,"5":0,"6":0,"7":0,"8":0,"9":0,"10":0,"11":0,"12":1,"13":1,"14":0,"15":1,"16":0,"17":0,"18":1},"f":{"0":1,"1":0,"2":0,"3":0},"b":{"0":[0,0],"1":[0,0]},"_coverageSchema":"1a1c01bbd47fc00a2c39e90264f33305004495a9","hash":"89d4d56a2caa5c51fc466044c6447a6d3df93b05"}
,"E:\\envelope_budgeting\\config\\session-config.js": {"path":"E:\\envelope_budgeting\\config\\session-config.js","statementMap":{"0":{"start":{"line":2,"column":15},"end":{"line":2,"column":32}},"1":{"start":{"line":3,"column":0},"end":{"line":3,"column":16}},"2":{"start":{"line":5,"column":0},"end":{"line":10,"column":4}}},"fnMap":{},"branchMap":{},"s":{"0":1,"1":1,"2":1},"f":{},"b":{},"_coverageSchema":"1a1c01bbd47fc00a2c39e90264f33305004495a9","hash":"d7f7b29ccf6fe0a900ba611ece2a4f24c5a6ba39"}
,"E:\\envelope_budgeting\\controllers\\envelopes.js": {"path":"E:\\envelope_budgeting\\controllers\\envelopes.js","statementMap":{"0":{"start":{"line":1,"column":34},"end":{"line":1,"column":56}},"1":{"start":{"line":3,"column":21},"end":{"line":9,"column":1}},"2":{"start":{"line":4,"column":19},"end":{"line":6,"column":6}},"3":{"start":{"line":7,"column":4},"end":{"line":7,"column":28}},"4":{"start":{"line":11,"column":24},"end":{"line":17,"column":1}},"5":{"start":{"line":12,"column":19},"end":{"line":12,"column":67}},"6":{"start":{"line":13,"column":4},"end":{"line":15,"column":5}},"7":{"start":{"line":14,"column":8},"end":{"line":14,"column":32}},"8":{"start":{"line":16,"column":4},"end":{"line":16,"column":80}},"9":{"start":{"line":19,"column":32},"end":{"line":30,"column":1}},"10":{"start":{"line":20,"column":15},"end":{"line":20,"column":38}},"11":{"start":{"line":21,"column":19},"end":{"line":21,"column":46}},"12":{"start":{"line":22,"column":4},"end":{"line":28,"column":5}},"13":{"start":{"line":23,"column":23},"end":{"line":26,"column":10}},"14":{"start":{"line":27,"column":8},"end":{"line":27,"column":32}},"15":{"start":{"line":29,"column":4},"end":{"line":29,"column":79}},"16":{"start":{"line":32,"column":23},"end":{"line":43,"column":1}},"17":{"start":{"line":33,"column":92},"end":{"line":33,"column":100}},"18":{"start":{"line":34,"column":23},"end":{"line":41,"column":10}},"19":{"start":{"line":42,"column":8},"end":{"line":42,"column":90}},"20":{"start":{"line":45,"column":23},"end":{"line":62,"column":1}},"21":{"start":{"line":46,"column":19},"end":{"line":46,"column":42}},"22":{"start":{"line":47,"column":92},"end":{"line":47,"column":100}},"23":{"start":{"line":48,"column":23},"end":{"line":57,"column":10}},"24":{"start":{"line":58,"column":8},"end":{"line":60,"column":9}},"25":{"start":{"line":59,"column":12},"end":{"line":59,"column":68}},"26":{"start":{"line":61,"column":8},"end":{"line":61,"column":87}},"27":{"start":{"line":64,"column":23},"end":{"line":73,"column":1}},"28":{"start":{"line":65,"column":15},"end":{"line":65,"column":38}},"29":{"start":{"line":66,"column":19},"end":{"line":68,"column":6}},"30":{"start":{"line":69,"column":4},"end":{"line":71,"column":5}},"31":{"start":{"line":70,"column":8},"end":{"line":70,"column":35}},"32":{"start":{"line":72,"column":4},"end":{"line":72,"column":80}},"33":{"start":{"line":75,"column":0},"end":{"line":82,"column":2}}},"fnMap":{"0":{"name":"(anonymous_0)","decl":{"start":{"line":3,"column":21},"end":{"line":3,"column":22}},"loc":{"start":{"line":3,"column":41},"end":{"line":9,"column":1}},"line":3},"1":{"name":"(anonymous_1)","decl":{"start":{"line":11,"column":24},"end":{"line":11,"column":25}},"loc":{"start":{"line":11,"column":44},"end":{"line":17,"column":1}},"line":11},"2":{"name":"(anonymous_2)","decl":{"start":{"line":19,"column":32},"end":{"line":19,"column":33}},"loc":{"start":{"line":19,"column":52},"end":{"line":30,"column":1}},"line":19},"3":{"name":"(anonymous_3)","decl":{"start":{"line":32,"column":23},"end":{"line":32,"column":24}},"loc":{"start":{"line":32,"column":43},"end":{"line":43,"column":1}},"line":32},"4":{"name":"(anonymous_4)","decl":{"start":{"line":45,"column":23},"end":{"line":45,"column":24}},"loc":{"start":{"line":45,"column":43},"end":{"line":62,"column":1}},"line":45},"5":{"name":"(anonymous_5)","decl":{"start":{"line":64,"column":23},"end":{"line":64,"column":24}},"loc":{"start":{"line":64,"column":43},"end":{"line":73,"column":1}},"line":64}},"branchMap":{"0":{"loc":{"start":{"line":13,"column":4},"end":{"line":15,"column":5}},"type":"if","locations":[{"start":{"line":13,"column":4},"end":{"line":15,"column":5}},{"start":{"line":13,"column":4},"end":{"line":15,"column":5}}],"line":13},"1":{"loc":{"start":{"line":22,"column":4},"end":{"line":28,"column":5}},"type":"if","locations":[{"start":{"line":22,"column":4},"end":{"line":28,"column":5}},{"start":{"line":22,"column":4},"end":{"line":28,"column":5}}],"line":22},"2":{"loc":{"start":{"line":58,"column":8},"end":{"line":60,"column":9}},"type":"if","locations":[{"start":{"line":58,"column":8},"end":{"line":60,"column":9}},{"start":{"line":58,"column":8},"end":{"line":60,"column":9}}],"line":58},"3":{"loc":{"start":{"line":69,"column":4},"end":{"line":71,"column":5}},"type":"if","locations":[{"start":{"line":69,"column":4},"end":{"line":71,"column":5}},{"start":{"line":69,"column":4},"end":{"line":71,"column":5}}],"line":69}},"s":{"0":1,"1":1,"2":1,"3":1,"4":1,"5":1,"6":1,"7":1,"8":0,"9":1,"10":0,"11":0,"12":0,"13":0,"14":0,"15":0,"16":1,"17":0,"18":0,"19":0,"20":1,"21":0,"22":0,"23":0,"24":0,"25":0,"26":0,"27":1,"28":0,"29":0,"30":0,"31":0,"32":0,"33":1},"f":{"0":1,"1":1,"2":0,"3":0,"4":0,"5":0},"b":{"0":[1,0],"1":[0,0],"2":[0,0],"3":[0,0]},"_coverageSchema":"1a1c01bbd47fc00a2c39e90264f33305004495a9","hash":"5384a5c713819e189080fb688492626d8a8d0c8f"}
,"E:\\envelope_budgeting\\controllers\\transactions.js": {"path":"E:\\envelope_budgeting\\controllers\\transactions.js","statementMap":{"0":{"start":{"line":1,"column":34},"end":{"line":1,"column":56}},"1":{"start":{"line":4,"column":24},"end":{"line":9,"column":1}},"2":{"start":{"line":5,"column":19},"end":{"line":7,"column":6}},"3":{"start":{"line":8,"column":4},"end":{"line":8,"column":28}},"4":{"start":{"line":11,"column":27},"end":{"line":17,"column":1}},"5":{"start":{"line":12,"column":19},"end":{"line":12,"column":70}},"6":{"start":{"line":13,"column":4},"end":{"line":15,"column":5}},"7":{"start":{"line":14,"column":8},"end":{"line":14,"column":32}},"8":{"start":{"line":16,"column":4},"end":{"line":16,"column":83}},"9":{"start":{"line":19,"column":26},"end":{"line":31,"column":1}},"10":{"start":{"line":20,"column":42},"end":{"line":20,"column":50}},"11":{"start":{"line":22,"column":27},"end":{"line":22,"column":62}},"12":{"start":{"line":23,"column":4},"end":{"line":29,"column":5}},"13":{"start":{"line":24,"column":23},"end":{"line":27,"column":10}},"14":{"start":{"line":28,"column":8},"end":{"line":28,"column":93}},"15":{"start":{"line":30,"column":4},"end":{"line":30,"column":79}},"16":{"start":{"line":33,"column":26},"end":{"line":53,"column":1}},"17":{"start":{"line":34,"column":15},"end":{"line":34,"column":38}},"18":{"start":{"line":35,"column":42},"end":{"line":35,"column":50}},"19":{"start":{"line":36,"column":22},"end":{"line":36,"column":29}},"20":{"start":{"line":38,"column":27},"end":{"line":38,"column":62}},"21":{"start":{"line":39,"column":4},"end":{"line":51,"column":5}},"22":{"start":{"line":40,"column":23},"end":{"line":46,"column":10}},"23":{"start":{"line":47,"column":8},"end":{"line":49,"column":9}},"24":{"start":{"line":48,"column":12},"end":{"line":48,"column":76}},"25":{"start":{"line":50,"column":8},"end":{"line":50,"column":90}},"26":{"start":{"line":52,"column":4},"end":{"line":52,"column":86}},"27":{"start":{"line":55,"column":26},"end":{"line":64,"column":1}},"28":{"start":{"line":56,"column":15},"end":{"line":56,"column":38}},"29":{"start":{"line":57,"column":19},"end":{"line":59,"column":6}},"30":{"start":{"line":60,"column":4},"end":{"line":62,"column":5}},"31":{"start":{"line":61,"column":8},"end":{"line":61,"column":35}},"32":{"start":{"line":63,"column":4},"end":{"line":63,"column":83}},"33":{"start":{"line":67,"column":0},"end":{"line":73,"column":2}}},"fnMap":{"0":{"name":"(anonymous_0)","decl":{"start":{"line":4,"column":24},"end":{"line":4,"column":25}},"loc":{"start":{"line":4,"column":44},"end":{"line":9,"column":1}},"line":4},"1":{"name":"(anonymous_1)","decl":{"start":{"line":11,"column":27},"end":{"line":11,"column":28}},"loc":{"start":{"line":11,"column":47},"end":{"line":17,"column":1}},"line":11},"2":{"name":"(anonymous_2)","decl":{"start":{"line":19,"column":26},"end":{"line":19,"column":27}},"loc":{"start":{"line":19,"column":46},"end":{"line":31,"column":1}},"line":19},"3":{"name":"(anonymous_3)","decl":{"start":{"line":33,"column":26},"end":{"line":33,"column":27}},"loc":{"start":{"line":33,"column":46},"end":{"line":53,"column":1}},"line":33},"4":{"name":"(anonymous_4)","decl":{"start":{"line":55,"column":26},"end":{"line":55,"column":27}},"loc":{"start":{"line":55,"column":46},"end":{"line":64,"column":1}},"line":55}},"branchMap":{"0":{"loc":{"start":{"line":13,"column":4},"end":{"line":15,"column":5}},"type":"if","locations":[{"start":{"line":13,"column":4},"end":{"line":15,"column":5}},{"start":{"line":13,"column":4},"end":{"line":15,"column":5}}],"line":13},"1":{"loc":{"start":{"line":23,"column":4},"end":{"line":29,"column":5}},"type":"if","locations":[{"start":{"line":23,"column":4},"end":{"line":29,"column":5}},{"start":{"line":23,"column":4},"end":{"line":29,"column":5}}],"line":23},"2":{"loc":{"start":{"line":39,"column":4},"end":{"line":51,"column":5}},"type":"if","locations":[{"start":{"line":39,"column":4},"end":{"line":51,"column":5}},{"start":{"line":39,"column":4},"end":{"line":51,"column":5}}],"line":39},"3":{"loc":{"start":{"line":47,"column":8},"end":{"line":49,"column":9}},"type":"if","locations":[{"start":{"line":47,"column":8},"end":{"line":49,"column":9}},{"start":{"line":47,"column":8},"end":{"line":49,"column":9}}],"line":47},"4":{"loc":{"start":{"line":60,"column":4},"end":{"line":62,"column":5}},"type":"if","locations":[{"start":{"line":60,"column":4},"end":{"line":62,"column":5}},{"start":{"line":60,"column":4},"end":{"line":62,"column":5}}],"line":60}},"s":{"0":1,"1":1,"2":0,"3":0,"4":1,"5":0,"6":0,"7":0,"8":0,"9":1,"10":0,"11":0,"12":0,"13":0,"14":0,"15":0,"16":1,"17":0,"18":0,"19":0,"20":0,"21":0,"22":0,"23":0,"24":0,"25":0,"26":0,"27":1,"28":0,"29":0,"30":0,"31":0,"32":0,"33":1},"f":{"0":0,"1":0,"2":0,"3":0,"4":0},"b":{"0":[0,0],"1":[0,0],"2":[0,0],"3":[0,0],"4":[0,0]},"_coverageSchema":"1a1c01bbd47fc00a2c39e90264f33305004495a9","hash":"5410c39055a0cf4993b567ba8cb9f88c2cfe1d05"}
,"E:\\envelope_budgeting\\controllers\\users.js": {"path":"E:\\envelope_budgeting\\controllers\\users.js","statementMap":{"0":{"start":{"line":1,"column":15},"end":{"line":1,"column":32}},"1":{"start":{"line":2,"column":17},"end":{"line":2,"column":39}},"2":{"start":{"line":5,"column":20},"end":{"line":10,"column":1}},"3":{"start":{"line":6,"column":19},"end":{"line":8,"column":6}},"4":{"start":{"line":9,"column":4},"end":{"line":9,"column":32}},"5":{"start":{"line":12,"column":23},"end":{"line":20,"column":1}},"6":{"start":{"line":13,"column":19},"end":{"line":15,"column":6}},"7":{"start":{"line":16,"column":4},"end":{"line":18,"column":5}},"8":{"start":{"line":17,"column":8},"end":{"line":17,"column":20}},"9":{"start":{"line":19,"column":4},"end":{"line":19,"column":32}},"10":{"start":{"line":22,"column":19},"end":{"line":38,"column":1}},"11":{"start":{"line":23,"column":38},"end":{"line":23,"column":46}},"12":{"start":{"line":24,"column":19},"end":{"line":24,"column":46}},"13":{"start":{"line":25,"column":4},"end":{"line":37,"column":5}},"14":{"start":{"line":26,"column":31},"end":{"line":26,"column":62}},"15":{"start":{"line":27,"column":23},"end":{"line":31,"column":10}},"16":{"start":{"line":33,"column":8},"end":{"line":33,"column":31}},"17":{"start":{"line":35,"column":8},"end":{"line":35,"column":34}},"18":{"start":{"line":40,"column":0},"end":{"line":44,"column":2}}},"fnMap":{"0":{"name":"(anonymous_0)","decl":{"start":{"line":5,"column":20},"end":{"line":5,"column":21}},"loc":{"start":{"line":5,"column":38},"end":{"line":10,"column":1}},"line":5},"1":{"name":"(anonymous_1)","decl":{"start":{"line":12,"column":23},"end":{"line":12,"column":24}},"loc":{"start":{"line":12,"column":44},"end":{"line":20,"column":1}},"line":12},"2":{"name":"(anonymous_2)","decl":{"start":{"line":22,"column":19},"end":{"line":22,"column":20}},"loc":{"start":{"line":22,"column":39},"end":{"line":38,"column":1}},"line":22}},"branchMap":{"0":{"loc":{"start":{"line":16,"column":4},"end":{"line":18,"column":5}},"type":"if","locations":[{"start":{"line":16,"column":4},"end":{"line":18,"column":5}},{"start":{"line":16,"column":4},"end":{"line":18,"column":5}}],"line":16},"1":{"loc":{"start":{"line":25,"column":4},"end":{"line":37,"column":5}},"type":"if","locations":[{"start":{"line":25,"column":4},"end":{"line":37,"column":5}},{"start":{"line":25,"column":4},"end":{"line":37,"column":5}}],"line":25}},"s":{"0":1,"1":1,"2":1,"3":0,"4":0,"5":1,"6":0,"7":0,"8":0,"9":0,"10":1,"11":0,"12":0,"13":0,"14":0,"15":0,"16":0,"17":0,"18":1},"f":{"0":0,"1":0,"2":0},"b":{"0":[0,0],"1":[0,0]},"_coverageSchema":"1a1c01bbd47fc00a2c39e90264f33305004495a9","hash":"790b5b8ebd0a643378478f5eab765fe0bb4d6158"}
,"E:\\envelope_budgeting\\models\\envelope.js": {"path":"E:\\envelope_budgeting\\models\\envelope.js","statementMap":{"0":{"start":{"line":4,"column":4},"end":{"line":4,"column":24}},"1":{"start":{"line":5,"column":0},"end":{"line":51,"column":2}},"2":{"start":{"line":16,"column":2},"end":{"line":49,"column":5}},"3":{"start":{"line":50,"column":2},"end":{"line":50,"column":18}}},"fnMap":{"0":{"name":"(anonymous_0)","decl":{"start":{"line":5,"column":17},"end":{"line":5,"column":18}},"loc":{"start":{"line":5,"column":43},"end":{"line":51,"column":1}},"line":5},"1":{"name":"(anonymous_1)","decl":{"start":{"line":12,"column":4},"end":{"line":12,"column":5}},"loc":{"start":{"line":12,"column":29},"end":{"line":14,"column":5}},"line":12}},"branchMap":{},"s":{"0":1,"1":1,"2":1,"3":1},"f":{"0":1,"1":1},"b":{},"_coverageSchema":"1a1c01bbd47fc00a2c39e90264f33305004495a9","hash":"0e667a2e6f0670aa4ee24fa31698e2f7b8fa1dde"}
,"E:\\envelope_budgeting\\models\\index.js": {"path":"E:\\envelope_budgeting\\models\\index.js","statementMap":{"0":{"start":{"line":2,"column":11},"end":{"line":2,"column":24}},"1":{"start":{"line":3,"column":13},"end":{"line":3,"column":28}},"2":{"start":{"line":4,"column":18},"end":{"line":4,"column":38}},"3":{"start":{"line":5,"column":17},"end":{"line":5,"column":42}},"4":{"start":{"line":6,"column":12},"end":{"line":6,"column":49}},"5":{"start":{"line":7,"column":15},"end":{"line":7,"column":60}},"6":{"start":{"line":8,"column":11},"end":{"line":8,"column":13}},"7":{"start":{"line":11,"column":0},"end":{"line":15,"column":1}},"8":{"start":{"line":12,"column":2},"end":{"line":12,"column":74}},"9":{"start":{"line":14,"column":2},"end":{"line":14,"column":87}},"10":{"start":{"line":17,"column":0},"end":{"line":25,"column":5}},"11":{"start":{"line":20,"column":4},"end":{"line":20,"column":90}},"12":{"start":{"line":23,"column":18},"end":{"line":23,"column":85}},"13":{"start":{"line":24,"column":4},"end":{"line":24,"column":27}},"14":{"start":{"line":27,"column":0},"end":{"line":31,"column":3}},"15":{"start":{"line":28,"column":2},"end":{"line":30,"column":3}},"16":{"start":{"line":29,"column":4},"end":{"line":29,"column":32}},"17":{"start":{"line":33,"column":0},"end":{"line":33,"column":25}},"18":{"start":{"line":34,"column":0},"end":{"line":34,"column":25}},"19":{"start":{"line":36,"column":0},"end":{"line":36,"column":20}}},"fnMap":{"0":{"name":"(anonymous_0)","decl":{"start":{"line":19,"column":10},"end":{"line":19,"column":11}},"loc":{"start":{"line":19,"column":18},"end":{"line":21,"column":3}},"line":19},"1":{"name":"(anonymous_1)","decl":{"start":{"line":22,"column":11},"end":{"line":22,"column":12}},"loc":{"start":{"line":22,"column":19},"end":{"line":25,"column":3}},"line":22},"2":{"name":"(anonymous_2)","decl":{"start":{"line":27,"column":24},"end":{"line":27,"column":25}},"loc":{"start":{"line":27,"column":37},"end":{"line":31,"column":1}},"line":27}},"branchMap":{"0":{"loc":{"start":{"line":6,"column":12},"end":{"line":6,"column":49}},"type":"binary-expr","locations":[{"start":{"line":6,"column":12},"end":{"line":6,"column":32}},{"start":{"line":6,"column":36},"end":{"line":6,"column":49}}],"line":6},"1":{"loc":{"start":{"line":11,"column":0},"end":{"line":15,"column":1}},"type":"if","locations":[{"start":{"line":11,"column":0},"end":{"line":15,"column":1}},{"start":{"line":11,"column":0},"end":{"line":15,"column":1}}],"line":11},"2":{"loc":{"start":{"line":20,"column":11},"end":{"line":20,"column":89}},"type":"binary-expr","locations":[{"start":{"line":20,"column":12},"end":{"line":20,"column":35}},{"start":{"line":20,"column":41},"end":{"line":20,"column":58}},{"start":{"line":20,"column":64},"end":{"line":20,"column":88}}],"line":20},"3":{"loc":{"start":{"line":28,"column":2},"end":{"line":30,"column":3}},"type":"if","locations":[{"start":{"line":28,"column":2},"end":{"line":30,"column":3}},{"start":{"line":28,"column":2},"end":{"line":30,"column":3}}],"line":28}},"s":{"0":1,"1":1,"2":1,"3":1,"4":1,"5":1,"6":1,"7":1,"8":0,"9":1,"10":1,"11":4,"12":3,"13":3,"14":1,"15":3,"16":3,"17":1,"18":1,"19":1},"f":{"0":4,"1":3,"2":3},"b":{"0":[1,0],"1":[0,1],"2":[4,4,3],"3":[3,0]},"_coverageSchema":"1a1c01bbd47fc00a2c39e90264f33305004495a9","hash":"66ce2207f539a62dbf1d526c52cc72b386b54301"}
,"E:\\envelope_budgeting\\models\\transaction.js": {"path":"E:\\envelope_budgeting\\models\\transaction.js","statementMap":{"0":{"start":{"line":4,"column":4},"end":{"line":4,"column":24}},"1":{"start":{"line":5,"column":0},"end":{"line":47,"column":2}},"2":{"start":{"line":16,"column":2},"end":{"line":45,"column":5}},"3":{"start":{"line":46,"column":2},"end":{"line":46,"column":21}}},"fnMap":{"0":{"name":"(anonymous_0)","decl":{"start":{"line":5,"column":17},"end":{"line":5,"column":18}},"loc":{"start":{"line":5,"column":43},"end":{"line":47,"column":1}},"line":5},"1":{"name":"(anonymous_1)","decl":{"start":{"line":12,"column":4},"end":{"line":12,"column":5}},"loc":{"start":{"line":12,"column":29},"end":{"line":14,"column":5}},"line":12}},"branchMap":{},"s":{"0":1,"1":1,"2":1,"3":1},"f":{"0":1,"1":1},"b":{},"_coverageSchema":"1a1c01bbd47fc00a2c39e90264f33305004495a9","hash":"0b0ff21dd25cf0e5171e3aebd8e5a799d77c2b89"}
,"E:\\envelope_budgeting\\models\\user.js": {"path":"E:\\envelope_budgeting\\models\\user.js","statementMap":{"0":{"start":{"line":4,"column":4},"end":{"line":4,"column":24}},"1":{"start":{"line":5,"column":0},"end":{"line":47,"column":2}},"2":{"start":{"line":16,"column":2},"end":{"line":45,"column":5}},"3":{"start":{"line":46,"column":2},"end":{"line":46,"column":14}}},"fnMap":{"0":{"name":"(anonymous_0)","decl":{"start":{"line":5,"column":17},"end":{"line":5,"column":18}},"loc":{"start":{"line":5,"column":43},"end":{"line":47,"column":1}},"line":5},"1":{"name":"(anonymous_1)","decl":{"start":{"line":12,"column":4},"end":{"line":12,"column":5}},"loc":{"start":{"line":12,"column":29},"end":{"line":14,"column":5}},"line":12}},"branchMap":{},"s":{"0":1,"1":1,"2":1,"3":1},"f":{"0":1,"1":1},"b":{},"_coverageSchema":"1a1c01bbd47fc00a2c39e90264f33305004495a9","hash":"ec49653efee53db187b821c7aae72ef694e78d03"}
,"E:\\envelope_budgeting\\routers\\envelopes.js": {"path":"E:\\envelope_budgeting\\routers\\envelopes.js","statementMap":{"0":{"start":{"line":1,"column":16},"end":{"line":1,"column":34}},"1":{"start":{"line":2,"column":18},"end":{"line":2,"column":34}},"2":{"start":{"line":3,"column":42},"end":{"line":3,"column":70}},"3":{"start":{"line":7,"column":19},"end":{"line":7,"column":40}},"4":{"start":{"line":8,"column":4},"end":{"line":10,"column":5}},"5":{"start":{"line":9,"column":6},"end":{"line":9,"column":62}},"6":{"start":{"line":11,"column":4},"end":{"line":11,"column":18}},"7":{"start":{"line":13,"column":21},"end":{"line":15,"column":1}},"8":{"start":{"line":16,"column":26},"end":{"line":20,"column":1}},"9":{"start":{"line":30,"column":4},"end":{"line":30,"column":39}},"10":{"start":{"line":33,"column":0},"end":{"line":33,"column":33}},"11":{"start":{"line":34,"column":0},"end":{"line":34,"column":74}},"12":{"start":{"line":35,"column":0},"end":{"line":35,"column":63}},"13":{"start":{"line":36,"column":0},"end":{"line":36,"column":65}},"14":{"start":{"line":37,"column":0},"end":{"line":37,"column":81}},"15":{"start":{"line":38,"column":0},"end":{"line":38,"column":65}},"16":{"start":{"line":40,"column":0},"end":{"line":40,"column":27}}},"fnMap":{"0":{"name":"validate","decl":{"start":{"line":6,"column":9},"end":{"line":6,"column":17}},"loc":{"start":{"line":6,"column":34},"end":{"line":12,"column":1}},"line":6}},"branchMap":{"0":{"loc":{"start":{"line":8,"column":4},"end":{"line":10,"column":5}},"type":"if","locations":[{"start":{"line":8,"column":4},"end":{"line":10,"column":5}},{"start":{"line":8,"column":4},"end":{"line":10,"column":5}}],"line":8}},"s":{"0":1,"1":1,"2":1,"3":1,"4":1,"5":0,"6":1,"7":1,"8":1,"9":1,"10":1,"11":1,"12":1,"13":1,"14":1,"15":1,"16":1},"f":{"0":1},"b":{"0":[0,1]},"_coverageSchema":"1a1c01bbd47fc00a2c39e90264f33305004495a9","hash":"18b1710981d1348c4f30ee15e6ae9ee7d82ca3c3"}
,"E:\\envelope_budgeting\\routers\\transactions.js": {"path":"E:\\envelope_budgeting\\routers\\transactions.js","statementMap":{"0":{"start":{"line":1,"column":16},"end":{"line":1,"column":34}},"1":{"start":{"line":2,"column":21},"end":{"line":2,"column":37}},"2":{"start":{"line":3,"column":42},"end":{"line":3,"column":70}},"3":{"start":{"line":7,"column":19},"end":{"line":7,"column":40}},"4":{"start":{"line":8,"column":4},"end":{"line":10,"column":5}},"5":{"start":{"line":9,"column":6},"end":{"line":9,"column":62}},"6":{"start":{"line":11,"column":4},"end":{"line":11,"column":18}},"7":{"start":{"line":13,"column":21},"end":{"line":15,"column":1}},"8":{"start":{"line":16,"column":28},"end":{"line":19,"column":1}},"9":{"start":{"line":27,"column":4},"end":{"line":27,"column":42}},"10":{"start":{"line":29,"column":0},"end":{"line":29,"column":39}},"11":{"start":{"line":30,"column":0},"end":{"line":30,"column":69}},"12":{"start":{"line":31,"column":0},"end":{"line":31,"column":73}},"13":{"start":{"line":32,"column":0},"end":{"line":32,"column":89}},"14":{"start":{"line":33,"column":0},"end":{"line":33,"column":71}},"15":{"start":{"line":35,"column":0},"end":{"line":35,"column":30}}},"fnMap":{"0":{"name":"validate","decl":{"start":{"line":6,"column":9},"end":{"line":6,"column":17}},"loc":{"start":{"line":6,"column":34},"end":{"line":12,"column":1}},"line":6}},"branchMap":{"0":{"loc":{"start":{"line":8,"column":4},"end":{"line":10,"column":5}},"type":"if","locations":[{"start":{"line":8,"column":4},"end":{"line":10,"column":5}},{"start":{"line":8,"column":4},"end":{"line":10,"column":5}}],"line":8}},"s":{"0":1,"1":1,"2":1,"3":0,"4":0,"5":0,"6":0,"7":1,"8":1,"9":1,"10":1,"11":1,"12":1,"13":1,"14":1,"15":1},"f":{"0":0},"b":{"0":[0,0]},"_coverageSchema":"1a1c01bbd47fc00a2c39e90264f33305004495a9","hash":"c19f183eaeb9ef7619ba2e76e5f1772e390851ae"}
}
